# JRE version: OpenJDK Runtime Environment (8.0_242-b01) (build 1.8.0_242-release-1644-b01)
# Java VM: OpenJDK 64-Bit Server VM (25.242-b01 mixed mode windows-amd64 compressed oops)
Heap:
 PSYoungGen      total 605184K, used 257470K [0x00000000d5580000, 0x00000000ff600000, 0x0000000100000000)
  eden space 524800K, 44% used [0x00000000d5580000,0x00000000e39259a0,0x00000000f5600000)
  from space 80384K, 30% used [0x00000000fa780000,0x00000000fbf4a000,0x00000000ff600000)
  to   space 81920K, 0% used [0x00000000f5600000,0x00000000f5600000,0x00000000fa600000)
 ParOldGen       total 495616K, used 409832K [0x0000000080000000, 0x000000009e400000, 0x00000000d5580000)
  object space 495616K, 82% used [0x0000000080000000,0x000000009903a048,0x000000009e400000)
 Metaspace       used 168374K, capacity 179144K, committed 179416K, reserved 1206272K
  class space    used 21123K, capacity 23145K, committed 23296K, reserved 1048576K
GC Heap History (10 events):
Event: 10062.773 GC heap before
{Heap before GC invocations=74 (full 6):
 PSYoungGen      total 568832K, used 493574K [0x00000000d5580000, 0x00000000ff780000, 0x0000000100000000)
  eden space 459264K, 100% used [0x00000000d5580000,0x00000000f1600000,0x00000000f1600000)
  from space 109568K, 31% used [0x00000000f1600000,0x00000000f3781a90,0x00000000f8100000)
  to   space 103424K, 0% used [0x00000000f9280000,0x00000000f9280000,0x00000000ff780000)
 ParOldGen       total 495616K, used 300956K [0x0000000080000000, 0x000000009e400000, 0x00000000d5580000)
  object space 495616K, 60% used [0x0000000080000000,0x00000000925e73f0,0x000000009e400000)
 Metaspace       used 167437K, capacity 178154K, committed 178392K, reserved 1204224K
  class space    used 21117K, capacity 23142K, committed 23296K, reserved 1048576K
Event: 10062.795 GC heap after
Heap after GC invocations=74 (full 6):
 PSYoungGen      total 581632K, used 29833K [0x00000000d5580000, 0x00000000ff000000, 0x0000000100000000)
  eden space 485888K, 0% used [0x00000000d5580000,0x00000000d5580000,0x00000000f3000000)
  from space 95744K, 31% used [0x00000000f9280000,0x00000000fafa2570,0x00000000ff000000)
  to   space 98304K, 0% used [0x00000000f3000000,0x00000000f3000000,0x00000000f9000000)
 ParOldGen       total 495616K, used 325884K [0x0000000080000000, 0x000000009e400000, 0x00000000d5580000)
  object space 495616K, 65% used [0x0000000080000000,0x0000000093e3f220,0x000000009e400000)
 Metaspace       used 167437K, capacity 178154K, committed 178392K, reserved 1204224K
  class space    used 21117K, capacity 23142K, committed 23296K, reserved 1048576K
}
Event: 10063.060 GC heap before
{Heap before GC invocations=75 (full 6):
 PSYoungGen      total 581632K, used 515721K [0x00000000d5580000, 0x00000000ff000000, 0x0000000100000000)
  eden space 485888K, 100% used [0x00000000d5580000,0x00000000f3000000,0x00000000f3000000)
  from space 95744K, 31% used [0x00000000f9280000,0x00000000fafa2570,0x00000000ff000000)
  to   space 98304K, 0% used [0x00000000f3000000,0x00000000f3000000,0x00000000f9000000)
 ParOldGen       total 495616K, used 325884K [0x0000000080000000, 0x000000009e400000, 0x00000000d5580000)
  object space 495616K, 65% used [0x0000000080000000,0x0000000093e3f220,0x000000009e400000)
 Metaspace       used 167651K, capacity 178376K, committed 178648K, reserved 1204224K
  class space    used 21118K, capacity 23143K, committed 23296K, reserved 1048576K
Event: 10063.083 GC heap after
Heap after GC invocations=75 (full 6):
 PSYoungGen      total 584192K, used 26967K [0x00000000d5580000, 0x00000000ff980000, 0x0000000100000000)
  eden space 485888K, 0% used [0x00000000d5580000,0x00000000d5580000,0x00000000f3000000)
  from space 98304K, 27% used [0x00000000f3000000,0x00000000f4a55da0,0x00000000f9000000)
  to   space 93696K, 0% used [0x00000000f9e00000,0x00000000f9e00000,0x00000000ff980000)
 ParOldGen       total 495616K, used 348714K [0x0000000080000000, 0x000000009e400000, 0x00000000d5580000)
  object space 495616K, 70% used [0x0000000080000000,0x000000009548abe8,0x000000009e400000)
 Metaspace       used 167651K, capacity 178376K, committed 178648K, reserved 1204224K
  class space    used 21118K, capacity 23143K, committed 23296K, reserved 1048576K
}
Event: 10063.332 GC heap before
{Heap before GC invocations=76 (full 6):
 PSYoungGen      total 584192K, used 512855K [0x00000000d5580000, 0x00000000ff980000, 0x0000000100000000)
  eden space 485888K, 100% used [0x00000000d5580000,0x00000000f3000000,0x00000000f3000000)
  from space 98304K, 27% used [0x00000000f3000000,0x00000000f4a55da0,0x00000000f9000000)
  to   space 93696K, 0% used [0x00000000f9e00000,0x00000000f9e00000,0x00000000ff980000)
 ParOldGen       total 495616K, used 348714K [0x0000000080000000, 0x000000009e400000, 0x00000000d5580000)
  object space 495616K, 70% used [0x0000000080000000,0x000000009548abe8,0x000000009e400000)
 Metaspace       used 167950K, capacity 178684K, committed 178904K, reserved 1204224K
  class space    used 21120K, capacity 23143K, committed 23296K, reserved 1048576K
Event: 10063.356 GC heap after
Heap after GC invocations=76 (full 6):
 PSYoungGen      total 593408K, used 29770K [0x00000000d5580000, 0x00000000ff280000, 0x0000000100000000)
  eden space 506880K, 0% used [0x00000000d5580000,0x00000000d5580000,0x00000000f4480000)
  from space 86528K, 34% used [0x00000000f9e00000,0x00000000fbb12838,0x00000000ff280000)
  to   space 89088K, 0% used [0x00000000f4480000,0x00000000f4480000,0x00000000f9b80000)
 ParOldGen       total 495616K, used 365250K [0x0000000080000000, 0x000000009e400000, 0x00000000d5580000)
  object space 495616K, 73% used [0x0000000080000000,0x00000000964b0988,0x000000009e400000)
 Metaspace       used 167950K, capacity 178684K, committed 178904K, reserved 1204224K
  class space    used 21120K, capacity 23143K, committed 23296K, reserved 1048576K
}
Event: 10063.584 GC heap before
{Heap before GC invocations=77 (full 6):
 PSYoungGen      total 593408K, used 536650K [0x00000000d5580000, 0x00000000ff280000, 0x0000000100000000)
  eden space 506880K, 100% used [0x00000000d5580000,0x00000000f4480000,0x00000000f4480000)
  from space 86528K, 34% used [0x00000000f9e00000,0x00000000fbb12838,0x00000000ff280000)
  to   space 89088K, 0% used [0x00000000f4480000,0x00000000f4480000,0x00000000f9b80000)
 ParOldGen       total 495616K, used 365250K [0x0000000080000000, 0x000000009e400000, 0x00000000d5580000)
  object space 495616K, 73% used [0x0000000080000000,0x00000000964b0988,0x000000009e400000)
 Metaspace       used 168245K, capacity 179060K, committed 179416K, reserved 1206272K
  class space    used 21123K, capacity 23145K, committed 23296K, reserved 1048576K
Event: 10063.601 GC heap after
Heap after GC invocations=77 (full 6):
 PSYoungGen      total 595968K, used 28561K [0x00000000d5580000, 0x00000000ffa80000, 0x0000000100000000)
  eden space 506880K, 0% used [0x00000000d5580000,0x00000000d5580000,0x00000000f4480000)
  from space 89088K, 32% used [0x00000000f4480000,0x00000000f60645f0,0x00000000f9b80000)
  to   space 84992K, 0% used [0x00000000fa780000,0x00000000fa780000,0x00000000ffa80000)
 ParOldGen       total 495616K, used 386531K [0x0000000080000000, 0x000000009e400000, 0x00000000d5580000)
  object space 495616K, 77% used [0x0000000080000000,0x0000000097978d58,0x000000009e400000)
 Metaspace       used 168245K, capacity 179060K, committed 179416K, reserved 1206272K
  class space    used 21123K, capacity 23145K, committed 23296K, reserved 1048576K
}
Event: 10063.839 GC heap before
{Heap before GC invocations=78 (full 6):
 PSYoungGen      total 595968K, used 535441K [0x00000000d5580000, 0x00000000ffa80000, 0x0000000100000000)
  eden space 506880K, 100% used [0x00000000d5580000,0x00000000f4480000,0x00000000f4480000)
  from space 89088K, 32% used [0x00000000f4480000,0x00000000f60645f0,0x00000000f9b80000)
  to   space 84992K, 0% used [0x00000000fa780000,0x00000000fa780000,0x00000000ffa80000)
 ParOldGen       total 495616K, used 386531K [0x0000000080000000, 0x000000009e400000, 0x00000000d5580000)
  object space 495616K, 77% used [0x0000000080000000,0x0000000097978d58,0x000000009e400000)
 Metaspace       used 168352K, capacity 179144K, committed 179416K, reserved 1206272K
  class space    used 21123K, capacity 23145K, committed 23296K, reserved 1048576K
Event: 10063.859 GC heap after
Heap after GC invocations=78 (full 6):
 PSYoungGen      total 605184K, used 24360K [0x00000000d5580000, 0x00000000ff600000, 0x0000000100000000)
  eden space 524800K, 0% used [0x00000000d5580000,0x00000000d5580000,0x00000000f5600000)
  from space 80384K, 30% used [0x00000000fa780000,0x00000000fbf4a000,0x00000000ff600000)
  to   space 81920K, 0% used [0x00000000f5600000,0x00000000f5600000,0x00000000fa600000)
 ParOldGen       total 495616K, used 409832K [0x0000000080000000, 0x000000009e400000, 0x00000000d5580000)
  object space 495616K, 82% used [0x0000000080000000,0x000000009903a048,0x000000009e400000)
 Metaspace       used 168352K, capacity 179144K, committed 179416K, reserved 1206272K
  class space    used 21123K, capacity 23145K, committed 23296K, reserved 1048576K
}

